2022-01-22 10:23:26,225  INFO [main] CarBookingRunner:14 - URL Opened
2022-01-22 10:23:28,313  INFO [main] CarBookingRunner:14 - Page opend with title Book Outstation Cabs, Local & Airport Taxi Service - India's Leading Car Rentals
2022-01-22 10:23:34,793  INFO [main] CarBookingRunner:14 - URL Opened
2022-01-22 10:23:36,275  INFO [main] CarBookingRunner:14 - Log In Button is clicked in page Home Page
2022-01-22 10:23:42,191  INFO [main] CarBookingRunner:14 - Email field is send in page Account Log in
2022-01-22 10:23:42,788  INFO [main] CarBookingRunner:14 - password field is send in page Account Log in
2022-01-22 10:23:43,629  INFO [main] CarBookingRunner:14 - sign in button is clicked in page Account Log in
2022-01-22 10:23:49,442  INFO [main] CarBookingRunner:14 - Successfully logged in
2022-01-22 10:23:56,234  INFO [main] CarBookingRunner:14 - URL Opened
2022-01-22 10:23:57,803  INFO [main] CarBookingRunner:14 - Log In Button is clicked in page Home Page
2022-01-22 10:24:03,644  INFO [main] CarBookingRunner:14 - Email field is send in page Account Log in
2022-01-22 10:24:04,148  INFO [main] CarBookingRunner:14 - password field is send in page Account Log in
2022-01-22 10:24:04,846  INFO [main] CarBookingRunner:14 - sign in button is clicked in page Account Log in
2022-01-22 10:24:10,695  INFO [main] CarBookingRunner:14 - Successfully logged in
2022-01-22 10:24:11,851  INFO [main] CarBookingRunner:14 - Log In Button is clicked in page Home Page
2022-01-22 10:24:18,096  INFO [main] CarBookingRunner:14 - List of Bookings is clicked in page View Bookings
2022-01-22 10:24:18,898  INFO [main] CarBookingRunner:14 - Successfully opened View Bookings page
2022-01-22 10:24:25,254  INFO [main] CarBookingRunner:14 - URL Opened
2022-01-22 10:24:26,886  INFO [main] CarBookingRunner:14 - Log In Button is clicked in page Home Page
2022-01-22 10:24:32,739  INFO [main] CarBookingRunner:14 - Register Button is clicked in page User Register
2022-01-22 10:24:33,341  INFO [main] CarBookingRunner:14 - Name Field is send in page User Register
2022-01-22 10:24:34,150  INFO [main] CarBookingRunner:14 - Mobile Number Field is send in page User Register
2022-01-22 10:24:34,989  INFO [main] CarBookingRunner:14 - Email Field is send in page User Register
2022-01-22 10:24:35,690  INFO [main] CarBookingRunner:14 - password field is send in page User Register
2022-01-22 10:24:36,368  INFO [main] CarBookingRunner:14 - Retype password field is send in page User Register
2022-01-22 10:24:37,263  INFO [main] CarBookingRunner:14 - Register Button is clicked in page Account Log in
2022-01-22 10:24:42,928  INFO [main] CarBookingRunner:14 - Successfully Registered
2022-01-22 10:24:49,666  INFO [main] CarBookingRunner:14 - URL Opened
2022-01-22 10:24:51,287  INFO [main] CarBookingRunner:14 - About Us page is clicked in page Home Page
2022-01-22 10:24:53,885  INFO [main] CarBookingRunner:14 - CEO name validated
2022-01-22 10:25:00,135  INFO [main] CarBookingRunner:14 - URL Opened
2022-01-22 10:25:01,682  INFO [main] CarBookingRunner:14 - Select Airport Tab is clicked in page Home Page
2022-01-22 10:25:03,372  INFO [main] CarBookingRunner:14 - Select City is send in page Home Page
2022-01-22 10:25:04,379  INFO [main] CarBookingRunner:14 - Trip type is clicked in page Airport Taxi Booking
2022-01-22 10:25:05,187  INFO [main] CarBookingRunner:14 - Address Field is send in page Airport Taxi Booking
2022-01-22 10:25:08,500  INFO [main] CarBookingRunner:14 - Date Field is clicked in page Airport Taxi Booking
2022-01-22 10:25:14,330  INFO [main] CarBookingRunner:14 - click on select car is clicked in page Airport Taxi Booking
2022-01-22 10:25:14,609  INFO [main] CarBookingRunner:14 - Successfully opened Airport Taxi Booking Page
2022-01-22 10:25:21,187  INFO [main] CarBookingRunner:14 - URL Opened
2022-01-22 10:25:23,175  INFO [main] CarBookingRunner:14 - Select sitemap Link is clicked in page Home Page
2022-01-22 10:25:26,811  INFO [main] CarBookingRunner:14 - Select cab Types Link is clicked in page sitemap page
2022-01-22 10:25:29,440  INFO [main] CarBookingRunner:14 - Successfully accessed cab types page
2022-01-22 10:25:36,177  INFO [main] CarBookingRunner:14 - URL Opened
2022-01-22 10:25:37,845  INFO [main] CarBookingRunner:14 - Contact Us page is clicked in page Home Page
2022-01-22 10:25:43,425  INFO [main] CarBookingRunner:14 - Contact Us page validated
2022-01-22 10:25:50,639  INFO [main] CarBookingRunner:14 - URL Opened
2022-01-22 10:25:52,050  INFO [main] CarBookingRunner:14 - Select Local City Tab is clicked in page Home Page
2022-01-22 10:25:53,214  INFO [main] CarBookingRunner:14 - Select City is send in page Home Page
2022-01-22 10:25:54,614  INFO [main] CarBookingRunner:14 - Date Field is clicked in page Local Car Booking
2022-01-22 10:25:59,399  INFO [main] CarBookingRunner:14 - click on select car is clicked in page Local Taxi Booking
2022-01-22 10:25:59,654  INFO [main] CarBookingRunner:14 - Successfully opened Local Taxi Booking Page
2022-01-22 10:26:05,773  INFO [main] CarBookingRunner:14 - URL Opened
2022-01-22 10:26:06,986  INFO [main] CarBookingRunner:14 - Source city is send in page Home Page
2022-01-22 10:26:07,993  INFO [main] CarBookingRunner:14 - Destination City is send in page Home Page
2022-01-22 10:26:09,346  INFO [main] CarBookingRunner:14 - Date Field is clicked in page Onw way Booking
2022-01-22 10:26:11,832  INFO [main] CarBookingRunner:14 - click on select car is clicked in page One way Booking
2022-01-22 10:26:12,078  INFO [main] CarBookingRunner:14 - Successfully opened one way booking page
2022-01-22 10:26:17,848  INFO [main] CarBookingRunner:14 - URL Opened
2022-01-22 10:26:19,358  INFO [main] CarBookingRunner:14 - Select Round Trip is clicked in page Home Page
2022-01-22 10:26:20,472  INFO [main] CarBookingRunner:14 - Source city is send in page Home Page
2022-01-22 10:26:21,656  INFO [main] CarBookingRunner:14 - Destination City is send in page Home Page
2022-01-22 10:26:22,638  INFO [main] CarBookingRunner:14 - Date Field is clicked in page Round Trip
2022-01-22 10:26:27,186  INFO [main] CarBookingRunner:14 - Date Field is clicked in page Round Trip
2022-01-22 10:26:32,417  INFO [main] CarBookingRunner:14 - click on select car is clicked in page RoundTrip Taxi Booking
2022-01-22 10:26:32,882  INFO [main] CarBookingRunner:14 - Successfully opened RoundTrip Taxi Booking Page
2022-01-22 10:26:38,976  INFO [main] CarBookingRunner:14 - URL Opened
2022-01-22 10:26:40,337  INFO [main] CarBookingRunner:14 - Travel Agent is clicked in page Home Page
2022-01-22 10:26:43,991  INFO [main] CarBookingRunner:14 - Register is clicked in page Travel Agent Page
2022-01-22 10:26:44,363  INFO [main] CarBookingRunner:14 - Successfully opened travel agent page
